<?xml version="1.0" encoding="UTF-8"?>
<!-- Generated by org.testng.reporters.JUnitReportReporter -->
<testsuite hostname="Desk-3" failures="0" tests="1" name="TPL001.TPL001.Login" time="5.563" errors="0" timestamp="2023-04-03T15:18:01 IST" skipped="0">
  <testcase classname="TPL001.TPL001.Login" name="Login" time="5.563"/>
  <system-out/>
</testsuite> <!-- TPL001.TPL001.Login -->
